<?xml version="1.0" encoding="utf-8"?>
<TestRun id="6c0364a8-3f53-4b30-84ae-666b5f0891d9" name="@edfa0d2e2af6 2023-06-08 15:15:32" xmlns="http://microsoft.com/schemas/VisualStudio/TeamTest/2010">
  <Times creation="2023-06-08T15:15:32.0998139+00:00" queuing="2023-06-08T15:15:32.0998140+00:00" start="2023-06-08T15:15:31.2044340+00:00" finish="2023-06-08T15:15:32.1043908+00:00" />
  <TestSettings name="default" id="3b261ec6-1dbf-4110-9c88-c5c10f1965af">
    <Deployment runDeploymentRoot="_edfa0d2e2af6_2023-06-08_15_15_32" />
  </TestSettings>
  <Results>
    <UnitTestResult executionId="db7d1fc7-f8ba-490e-93f9-48d1a43c9f48" testId="7dcc3db9-94de-ea38-8a7d-f89a7356b6dc" testName="Consumer.UnitTests.WeatherForecastControllerTests.ShouldPass" computerName="edfa0d2e2af6" duration="00:00:00.0020046" startTime="2023-06-08T15:15:32.0324069+00:00" endTime="2023-06-08T15:15:32.0324291+00:00" testType="13cdc9d9-ddb5-4fa4-a97d-d965ccfc6d4b" outcome="Passed" testListId="8c84fa94-04c1-424b-9868-57a2d4851a1d" relativeResultsDirectory="db7d1fc7-f8ba-490e-93f9-48d1a43c9f48" />
  </Results>
  <TestDefinitions>
    <UnitTest name="Consumer.UnitTests.WeatherForecastControllerTests.ShouldPass" storage="/project/consumer.unittests/bin/debug/net7.0/consumer.unittests.dll" id="7dcc3db9-94de-ea38-8a7d-f89a7356b6dc">
      <Execution id="db7d1fc7-f8ba-490e-93f9-48d1a43c9f48" />
      <TestMethod codeBase="/project/Consumer.UnitTests/bin/Debug/net7.0/Consumer.UnitTests.dll" adapterTypeName="executor://xunit/VsTestRunner2/netcoreapp" className="Consumer.UnitTests.WeatherForecastControllerTests" name="ShouldPass" />
    </UnitTest>
  </TestDefinitions>
  <TestEntries>
    <TestEntry testId="7dcc3db9-94de-ea38-8a7d-f89a7356b6dc" executionId="db7d1fc7-f8ba-490e-93f9-48d1a43c9f48" testListId="8c84fa94-04c1-424b-9868-57a2d4851a1d" />
  </TestEntries>
  <TestLists>
    <TestList name="Results Not in a List" id="8c84fa94-04c1-424b-9868-57a2d4851a1d" />
    <TestList name="All Loaded Results" id="19431567-8539-422a-85d7-44ee4e166bda" />
  </TestLists>
  <ResultSummary outcome="Completed">
    <Counters total="1" executed="1" passed="1" failed="0" error="0" timeout="0" aborted="0" inconclusive="0" passedButRunAborted="0" notRunnable="0" notExecuted="0" disconnected="0" warning="0" completed="0" inProgress="0" pending="0" />
    <Output>
      <StdOut>[xUnit.net 00:00:00.00] xUnit.net VSTest Adapter v2.4.5+1caef2f33e (64-bit .NET 7.0.4)
[xUnit.net 00:00:00.43]   Discovering: Consumer.UnitTests
[xUnit.net 00:00:00.45]   Discovered:  Consumer.UnitTests
[xUnit.net 00:00:00.45]   Starting:    Consumer.UnitTests
[xUnit.net 00:00:00.48]   Finished:    Consumer.UnitTests
</StdOut>
    </Output>
  </ResultSummary>
</TestRun>